Removed Pin From Net: NetName=3.3V Pin=U?-4
Change Component Designator: OldDesignator=IC*? NewDesignator=IC*1
Change Component Designator: OldDesignator=U? NewDesignator=U1
Change Component Designator: OldDesignator=U? NewDesignator=U2
Added Component: Designator=C1(CAPC0603(1608)100_L)
Add component. Clean all parameters for all variants
Add component (AddParameter): Name = "Case-EIA"; Value = "0603"; VariantName = "[No Variations]"
Add component (AddParameter): Name = "Case-Metric"; Value = "1608"; VariantName = "[No Variations]"
Add component (AddParameter): Name = "PackageReference"; Value = "CAPC0603(1608)100"; VariantName = "[No Variations]"
Add component (AddParameter): Name = "Rated Voltage"; Value = ""; VariantName = "[No Variations]"
Add component (AddParameter): Name = "Tolerance"; Value = ""; VariantName = "[No Variations]"
Add component (AddParameter): Name = "Value"; Value = ""; VariantName = "[No Variations]"
Added Component: Designator=C2(CAPC0603(1608)100_L)
Add component. Clean all parameters for all variants
Add component (AddParameter): Name = "Case-EIA"; Value = "0603"; VariantName = "[No Variations]"
Add component (AddParameter): Name = "Case-Metric"; Value = "1608"; VariantName = "[No Variations]"
Add component (AddParameter): Name = "PackageReference"; Value = "CAPC0603(1608)100"; VariantName = "[No Variations]"
Add component (AddParameter): Name = "Rated Voltage"; Value = ""; VariantName = "[No Variations]"
Add component (AddParameter): Name = "Tolerance"; Value = ""; VariantName = "[No Variations]"
Add component (AddParameter): Name = "Value"; Value = ""; VariantName = "[No Variations]"
Added Component: Designator=R1(RESC2013X70X40ML20T20)
Add component. Clean all parameters for all variants
Add component (AddParameter): Name = "Case-EIA"; Value = "0805"; VariantName = "[No Variations]"
Add component (AddParameter): Name = "Datasheet"; Value = "http://industrial.panasonic.com/cdbs/www-data/pdf/RDA0000/AOA0000C86.pdf"; VariantName = "[No Variations]"
Add component (AddParameter): Name = "Manufacturer"; Value = "Panasonic"; VariantName = "[No Variations]"
Add component (AddParameter): Name = "Part Number"; Value = "ERJ-6ENF1503V"; VariantName = "[No Variations]"
Added Component: Designator=R2(RESC2013X70X40ML20T20)
Add component. Clean all parameters for all variants
Add component (AddParameter): Name = "Case-EIA"; Value = "0805"; VariantName = "[No Variations]"
Add component (AddParameter): Name = "Datasheet"; Value = "http://industrial.panasonic.com/cdbs/www-data/pdf/RDA0000/AOA0000C86.pdf"; VariantName = "[No Variations]"
Add component (AddParameter): Name = "Manufacturer"; Value = "Panasonic"; VariantName = "[No Variations]"
Add component (AddParameter): Name = "Part Number"; Value = "ERJ-6ENF1503V"; VariantName = "[No Variations]"
Added Component: Designator=R3(RESC2013X70X40ML20T20)
Add component. Clean all parameters for all variants
Add component (AddParameter): Name = "Case-EIA"; Value = "0805"; VariantName = "[No Variations]"
Add component (AddParameter): Name = "Datasheet"; Value = "http://industrial.panasonic.com/cdbs/www-data/pdf/RDA0000/AOA0000C86.pdf"; VariantName = "[No Variations]"
Add component (AddParameter): Name = "Manufacturer"; Value = "Panasonic"; VariantName = "[No Variations]"
Add component (AddParameter): Name = "Part Number"; Value = "ERJ-6ENF1503V"; VariantName = "[No Variations]"
Added Component: Designator=R4(RESC2013X70X40ML20T20)
Add component. Clean all parameters for all variants
Add component (AddParameter): Name = "Case-EIA"; Value = "0805"; VariantName = "[No Variations]"
Add component (AddParameter): Name = "Datasheet"; Value = "http://industrial.panasonic.com/cdbs/www-data/pdf/RDA0000/AOA0000C86.pdf"; VariantName = "[No Variations]"
Add component (AddParameter): Name = "Manufacturer"; Value = "Panasonic"; VariantName = "[No Variations]"
Add component (AddParameter): Name = "Part Number"; Value = "ERJ-6ENF1503V"; VariantName = "[No Variations]"
Added Component: Designator=R5(RESC2013X70X40ML20T20)
Add component. Clean all parameters for all variants
Add component (AddParameter): Name = "Case-EIA"; Value = "0805"; VariantName = "[No Variations]"
Add component (AddParameter): Name = "Datasheet"; Value = "http://industrial.panasonic.com/cdbs/www-data/pdf/RDA0000/AOA0000C86.pdf"; VariantName = "[No Variations]"
Add component (AddParameter): Name = "Manufacturer"; Value = "Panasonic"; VariantName = "[No Variations]"
Add component (AddParameter): Name = "Part Number"; Value = "ERJ-6ENF1503V"; VariantName = "[No Variations]"
Added Pin To Net: NetName=GND Pin=C1-1
Added Pin To Net: NetName=3.3V Pin=C1-2
Added Pin To Net: NetName=GND Pin=C2-1
Added Pin To Net: NetName=12V Pin=C2-2
Added Pin To Net: NetName=3.3V Pin=R1-1
Added Pin To Net: NetName=NetIC*?_1 Pin=R1-2
Added Pin To Net: NetName=3.3V Pin=R2-1
Added Pin To Net: NetName=NetIC*?_3 Pin=R2-2
Added Pin To Net: NetName=NetIC*?_18 Pin=R3-1
Added Pin To Net: NetName=3.3V Pin=R3-2
Added Pin To Net: NetName=NetIC*?_17 Pin=R4-1
Added Pin To Net: NetName=3.3V Pin=R4-2
Added Pin To Net: NetName=NetIC*?_16 Pin=R5-1
Added Pin To Net: NetName=GND Pin=R5-2
Change Net Name : Old Net Name=NetIC*?_1 New Net Name=NetIC*1_1
Change Net Name : Old Net Name=NetIC*?_3 New Net Name=NetIC*1_3
Change Net Name : Old Net Name=NetIC*?_16 New Net Name=NetIC*1_16
Change Net Name : Old Net Name=NetIC*?_17 New Net Name=NetIC*1_17
Change Net Name : Old Net Name=NetIC*?_18 New Net Name=NetIC*1_18
Added Member To Class: ClassName=plata_esp Member=Component C1 100nF
Added Member To Class: ClassName=plata_esp Member=Component C2 100nF
Added Member To Class: ClassName=plata_esp Member=Component R1 10k
Added Member To Class: ClassName=plata_esp Member=Component R2 10k
Added Member To Class: ClassName=plata_esp Member=Component R3 10k
Added Member To Class: ClassName=plata_esp Member=Component R4 10k
Added Member To Class: ClassName=plata_esp Member=Component R5 10k
Added Member To Class: ClassName=plata_esp Member=Component U2 AMS1117-5.0
Added Room: Name=plata_esp
