Removed Pin From Net: NetName=CS Pin=U1-11
Removed Pin From Net: NetName=+3.3V Pin=U2-4
Removed Pin From Net: NetName=NetR4_1 Pin=U3-10
Removed Pin From Net: NetName=NetR5_1 Pin=U3-11
Change Component Designator: OldDesignator=C1 NewDesignator=C2
Change Component Designator: OldDesignator=C2 NewDesignator=C3
Change Component Designator: OldDesignator=C3 NewDesignator=C1
Change Component Designator: OldDesignator=R1 NewDesignator=R3
Change Component Designator: OldDesignator=R3 NewDesignator=R5
Change Component Designator: OldDesignator=U1 NewDesignator=U2
Change Component Designator: OldDesignator=U2 NewDesignator=U3
Change Component Designator: OldDesignator=U3 NewDesignator=U1
Added Pin To Net: NetName=TX Pin=U1-10
Added Pin To Net: NetName=RX Pin=U1-11
Added Pin To Net: NetName=NetR5_1 Pin=U2-11
Added Pin To Net: NetName=NetR4_1 Pin=U2-13
Added Pin To Net: NetName=CS Pin=U2-18
Change Net Name : Old Net Name=NetR1_2 New Net Name=NetR3_2
Change Net Name : Old Net Name=NetR4_1 New Net Name=NetR4_2
Change Net Name : Old Net Name=NetR5_1 New Net Name=in_bat_proc
Change Net Name : Old Net Name=NetU1_2 New Net Name=NetU2_2
Change Net Name : Old Net Name=NetU1_3 New Net Name=NetU2_3
Added Member To Class: ClassName=mishen Member=Component R5 10K
