Removed Pin From Net: NetName=GND Pin=D1-1
Removed Pin From Net: NetName=+3.3V Pin=D1-2
Removed Pin From Net: NetName=CE Pin=D1-3
Removed Pin From Net: NetName=SCN Pin=D1-4
Removed Pin From Net: NetName=SPI_SCK Pin=D1-5
Removed Pin From Net: NetName=SPI_MOSI Pin=D1-6
Removed Pin From Net: NetName=SPI_MISO Pin=D1-7
Removed Pin From Net: NetName=IRQ Pin=D1-8
Removed Pin From Net: NetName=RX_BIT_0 Pin=P1-2
Removed Pin From Net: NetName=TX_BIT_1 Pin=P1-4
Removed Pin From Net: NetName=SCN Pin=U1-6
Removed Pin From Net: NetName=CE Pin=U1-7
Removed Pin From Net: NetName=TX_BIT_1 Pin=U1-8
Removed Pin From Net: NetName=IRQ Pin=U1-10
Removed Pin From Net: NetName=SPI_SCK Pin=U1-11
Removed Pin From Net: NetName=SPI_MISO Pin=U1-12
Removed Pin From Net: NetName=SPI_MOSI Pin=U1-13
Removed Pin From Net: NetName=+3.3V Pin=U2-4
Change Component Footprint: Designator=D1 Old Footprint=NRF24L01 New Footprint=JDY_40
Change Component Comment : Designator=D1 Old Comment=NRF24L01 New Comment=JDY_40
Change Component Designator: OldDesignator=D1 NewDesignator=U3
Change Component Designator: OldDesignator=R2 NewDesignator=R1
Change component parameters: Designator = "U3"; Footprint = "JDY_40"; UniqueID = "\OVATEQGF"
Change component parameters. Clean all parameters for all variants
Change component parameters (AddParameter): Name = "Availability"; Value = "Unavailable"; VariantName = "[No Variations]"
Change component parameters (AddParameter): Name = "MF"; Value = "Advanced Monolithic Systems"; VariantName = "[No Variations]"
Change component parameters (AddParameter): Name = "MP"; Value = "JDY_40"; VariantName = "[No Variations]"
Change component parameters (AddParameter): Name = "Package"; Value = "None"; VariantName = "[No Variations]"
Change component parameters (AddParameter): Name = "Price"; Value = "None"; VariantName = "[No Variations]"
Change component parameters (AddParameter): Name = "SnapEDA_Link"; Value = "https://www.snapeda.com/parts/AMS1117-5.0/Advanced%20Monolithic%20Systems/view-part/?ref=snap"; VariantName = "[No Variations]"
Change component parameters (AddParameter): Name = "Value"; Value = ""; VariantName = "[No Variations]"
Added Pin To Net: NetName=TX_BIT_1 Pin=P1-2
Added Pin To Net: NetName=SPI_SCK Pin=P1-4
Added Pin To Net: NetName=SPI_MISO Pin=U1-6
Added Pin To Net: NetName=SPI_SCK Pin=U1-7
Added Pin To Net: NetName=CE Pin=U1-8
Added Pin To Net: NetName=TX_BIT_1 Pin=U1-10
Added Pin To Net: NetName=SPI_MOSI Pin=U1-11
Added Pin To Net: NetName=IRQ Pin=U1-12
Added Pin To Net: NetName=SCN Pin=U1-13
Added Pin To Net: NetName=+3.3V Pin=U3-9
Added Pin To Net: NetName=CE Pin=U3-10
Added Pin To Net: NetName=RX_BIT_0 Pin=U3-11
Added Pin To Net: NetName=IRQ Pin=U3-12
Added Pin To Net: NetName=SPI_MOSI Pin=U3-13
Added Pin To Net: NetName=GND Pin=U3-14
Change Net Name : Old Net Name=CE New Net Name=TX
Change Net Name : Old Net Name=IRQ New Net Name=SET
Change Net Name : Old Net Name=NetR2_2 New Net Name=NetR1_2
Change Net Name : Old Net Name=RX_BIT_0 New Net Name=RX
Change Net Name : Old Net Name=SCN New Net Name=PA_7
Change Net Name : Old Net Name=SPI_MISO New Net Name=PA_0
Change Net Name : Old Net Name=SPI_MOSI New Net Name=CS
Change Net Name : Old Net Name=SPI_SCK New Net Name=BIT_1
Change Net Name : Old Net Name=TX_BIT_1 New Net Name=BIT_0
