Change Component Designator: OldDesignator=C1 NewDesignator=C3
Change Component Designator: OldDesignator=C2 NewDesignator=C1
Change Component Designator: OldDesignator=C3 NewDesignator=C2
Change Component Designator: OldDesignator=R3 NewDesignator=R2
Change Component Designator: OldDesignator=R5 NewDesignator=R3
Change Component Designator: OldDesignator=U2 NewDesignator=U1
Change Component Designator: OldDesignator=U3 NewDesignator=U2
Added Component: Designator=R2(RESC2013X70X40ML20T20)
Add component. Clean all parameters for all variants
Add component (AddParameter): Name = "Case-EIA"; Value = "0805"; VariantName = "[No Variations]"
Add component (AddParameter): Name = "Datasheet"; Value = "http://industrial.panasonic.com/cdbs/www-data/pdf/RDA0000/AOA0000C86.pdf"; VariantName = "[No Variations]"
Add component (AddParameter): Name = "Manufacturer"; Value = "Panasonic"; VariantName = "[No Variations]"
Add component (AddParameter): Name = "Part Number"; Value = "ERJ-6ENF1503V"; VariantName = "[No Variations]"
Added Component: Designator=R4(RESC2013X70X40ML20T20)
Add component. Clean all parameters for all variants
Add component (AddParameter): Name = "Case-EIA"; Value = "0805"; VariantName = "[No Variations]"
Add component (AddParameter): Name = "Datasheet"; Value = "http://industrial.panasonic.com/cdbs/www-data/pdf/RDA0000/AOA0000C86.pdf"; VariantName = "[No Variations]"
Add component (AddParameter): Name = "Manufacturer"; Value = "Panasonic"; VariantName = "[No Variations]"
Add component (AddParameter): Name = "Part Number"; Value = "ERJ-6ENF1503V"; VariantName = "[No Variations]"
Added Pin To Net: NetName=+5V Pin=R2-1
Added Pin To Net: NetName=in_bat_proc Pin=R2-2
Added Pin To Net: NetName=in_bat_proc Pin=R4-1
Added Pin To Net: NetName=NetR4_2 Pin=R4-2
Change Net Name : Old Net Name=NetR3_2 New Net Name=NetR2_2
Change Net Name : Old Net Name=NetU2_2 New Net Name=NetU1_2
Change Net Name : Old Net Name=NetU2_3 New Net Name=NetU1_3
Added Member To Class: ClassName=mishen Member=Component R2 10K
Added Member To Class: ClassName=mishen Member=Component R4 1K
